{"D:\\Hotel Booking Management\\server\\models\\Coupon.js": {"path":"D:\\Hotel Booking Management\\server\\models\\Coupon.js","statementMap":{"0":{"start":{"line":1,"column":17},"end":{"line":1,"column":36}},"1":{"start":{"line":3,"column":21},"end":{"line":56,"column":2}},"2":{"start":{"line":59,"column":0},"end":{"line":79,"column":2}},"3":{"start":{"line":60,"column":14},"end":{"line":60,"column":24}},"4":{"start":{"line":62,"column":2},"end":{"line":62,"column":77}},"5":{"start":{"line":62,"column":22},"end":{"line":62,"column":77}},"6":{"start":{"line":63,"column":2},"end":{"line":63,"column":89}},"7":{"start":{"line":63,"column":28},"end":{"line":63,"column":89}},"8":{"start":{"line":64,"column":2},"end":{"line":64,"column":84}},"9":{"start":{"line":64,"column":29},"end":{"line":64,"column":84}},"10":{"start":{"line":65,"column":2},"end":{"line":67,"column":3}},"11":{"start":{"line":66,"column":4},"end":{"line":66,"column":67}},"12":{"start":{"line":68,"column":2},"end":{"line":70,"column":3}},"13":{"start":{"line":69,"column":4},"end":{"line":69,"column":92}},"14":{"start":{"line":71,"column":2},"end":{"line":76,"column":3}},"15":{"start":{"line":72,"column":25},"end":{"line":74,"column":5}},"16":{"start":{"line":73,"column":14},"end":{"line":73,"column":50}},"17":{"start":{"line":75,"column":4},"end":{"line":75,"column":91}},"18":{"start":{"line":75,"column":23},"end":{"line":75,"column":91}},"19":{"start":{"line":78,"column":2},"end":{"line":78,"column":53}},"20":{"start":{"line":82,"column":0},"end":{"line":95,"column":2}},"21":{"start":{"line":83,"column":17},"end":{"line":83,"column":18}},"22":{"start":{"line":85,"column":2},"end":{"line":92,"column":3}},"23":{"start":{"line":86,"column":4},"end":{"line":86,"column":58}},"24":{"start":{"line":87,"column":4},"end":{"line":89,"column":5}},"25":{"start":{"line":88,"column":6},"end":{"line":88,"column":34}},"26":{"start":{"line":91,"column":4},"end":{"line":91,"column":34}},"27":{"start":{"line":94,"column":2},"end":{"line":94,"column":43}},"28":{"start":{"line":97,"column":0},"end":{"line":97,"column":56}}},"fnMap":{"0":{"name":"(anonymous_0)","decl":{"start":{"line":59,"column":31},"end":{"line":59,"column":32}},"loc":{"start":{"line":59,"column":65},"end":{"line":79,"column":1}},"line":59},"1":{"name":"(anonymous_1)","decl":{"start":{"line":73,"column":6},"end":{"line":73,"column":7}},"loc":{"start":{"line":73,"column":14},"end":{"line":73,"column":50}},"line":73},"2":{"name":"(anonymous_2)","decl":{"start":{"line":82,"column":41},"end":{"line":82,"column":42}},"loc":{"start":{"line":82,"column":66},"end":{"line":95,"column":1}},"line":82}},"branchMap":{"0":{"loc":{"start":{"line":62,"column":2},"end":{"line":62,"column":77}},"type":"if","locations":[{"start":{"line":62,"column":2},"end":{"line":62,"column":77}},{"start":{},"end":{}}],"line":62},"1":{"loc":{"start":{"line":63,"column":2},"end":{"line":63,"column":89}},"type":"if","locations":[{"start":{"line":63,"column":2},"end":{"line":63,"column":89}},{"start":{},"end":{}}],"line":63},"2":{"loc":{"start":{"line":64,"column":2},"end":{"line":64,"column":84}},"type":"if","locations":[{"start":{"line":64,"column":2},"end":{"line":64,"column":84}},{"start":{},"end":{}}],"line":64},"3":{"loc":{"start":{"line":65,"column":2},"end":{"line":67,"column":3}},"type":"if","locations":[{"start":{"line":65,"column":2},"end":{"line":67,"column":3}},{"start":{},"end":{}}],"line":65},"4":{"loc":{"start":{"line":65,"column":6},"end":{"line":65,"column":58}},"type":"binary-expr","locations":[{"start":{"line":65,"column":6},"end":{"line":65,"column":21}},{"start":{"line":65,"column":25},"end":{"line":65,"column":58}}],"line":65},"5":{"loc":{"start":{"line":68,"column":2},"end":{"line":70,"column":3}},"type":"if","locations":[{"start":{"line":68,"column":2},"end":{"line":70,"column":3}},{"start":{},"end":{}}],"line":68},"6":{"loc":{"start":{"line":71,"column":2},"end":{"line":76,"column":3}},"type":"if","locations":[{"start":{"line":71,"column":2},"end":{"line":76,"column":3}},{"start":{},"end":{}}],"line":71},"7":{"loc":{"start":{"line":71,"column":6},"end":{"line":71,"column":49}},"type":"binary-expr","locations":[{"start":{"line":71,"column":6},"end":{"line":71,"column":38}},{"start":{"line":71,"column":42},"end":{"line":71,"column":49}}],"line":71},"8":{"loc":{"start":{"line":75,"column":4},"end":{"line":75,"column":91}},"type":"if","locations":[{"start":{"line":75,"column":4},"end":{"line":75,"column":91}},{"start":{},"end":{}}],"line":75},"9":{"loc":{"start":{"line":85,"column":2},"end":{"line":92,"column":3}},"type":"if","locations":[{"start":{"line":85,"column":2},"end":{"line":92,"column":3}},{"start":{"line":90,"column":9},"end":{"line":92,"column":3}}],"line":85},"10":{"loc":{"start":{"line":87,"column":4},"end":{"line":89,"column":5}},"type":"if","locations":[{"start":{"line":87,"column":4},"end":{"line":89,"column":5}},{"start":{},"end":{}}],"line":87},"11":{"loc":{"start":{"line":87,"column":8},"end":{"line":87,"column":55}},"type":"binary-expr","locations":[{"start":{"line":87,"column":8},"end":{"line":87,"column":24}},{"start":{"line":87,"column":28},"end":{"line":87,"column":55}}],"line":87}},"s":{"0":1,"1":1,"2":1,"3":0,"4":0,"5":0,"6":0,"7":0,"8":0,"9":0,"10":0,"11":0,"12":0,"13":0,"14":0,"15":0,"16":0,"17":0,"18":0,"19":0,"20":1,"21":2,"22":2,"23":1,"24":1,"25":1,"26":1,"27":2,"28":1},"f":{"0":0,"1":0,"2":2},"b":{"0":[0,0],"1":[0,0],"2":[0,0],"3":[0,0],"4":[0,0],"5":[0,0],"6":[0,0],"7":[0,0],"8":[0,0],"9":[1,1],"10":[1,0],"11":[1,1]},"_coverageSchema":"1a1c01bbd47fc00a2c39e90264f33305004495a9","hash":"1d4b5a1e7c9c3477272dc54d97154cf6f5518fa2"}
}
