TN:
SF:models\Coupon.js
FN:59,(anonymous_0)
FN:73,(anonymous_1)
FN:82,(anonymous_2)
FNF:3
FNH:1
FNDA:0,(anonymous_0)
FNDA:0,(anonymous_1)
FNDA:2,(anonymous_2)
DA:1,1
DA:3,1
DA:59,1
DA:60,0
DA:62,0
DA:63,0
DA:64,0
DA:65,0
DA:66,0
DA:68,0
DA:69,0
DA:71,0
DA:72,0
DA:73,0
DA:75,0
DA:78,0
DA:82,1
DA:83,2
DA:85,2
DA:86,1
DA:87,1
DA:88,1
DA:91,1
DA:94,2
DA:97,1
LF:25
LH:12
BRDA:62,0,0,0
BRDA:62,0,1,0
BRDA:63,1,0,0
BRDA:63,1,1,0
BRDA:64,2,0,0
BRDA:64,2,1,0
BRDA:65,3,0,0
BRDA:65,3,1,0
BRDA:65,4,0,0
BRDA:65,4,1,0
BRDA:68,5,0,0
BRDA:68,5,1,0
BRDA:71,6,0,0
BRDA:71,6,1,0
BRDA:71,7,0,0
BRDA:71,7,1,0
BRDA:75,8,0,0
BRDA:75,8,1,0
BRDA:85,9,0,1
BRDA:85,9,1,1
BRDA:87,10,0,1
BRDA:87,10,1,0
BRDA:87,11,0,1
BRDA:87,11,1,1
BRF:24
BRH:5
end_of_record
